<?xml version="1.0" encoding="UTF-8"?>
<testsuite xmlns:xsi="http://www.w3.org/2001/XMLSchema-instance" xsi:noNamespaceSchemaLocation="https://maven.apache.org/surefire/maven-surefire-plugin/xsd/surefire-test-report-3.0.xsd" version="3.0" name="org.fpij.jitakyoei.model.dao.ProfessorDaoTest" time="0.003" tests="5" errors="0" skipped="0" failures="0">
  <properties>
[...]
</properties>
  <testcase name="testAssociateProfessorWithFiliado" classname="org.fpij.jitakyoei.model.dao.ProfessorDaoTest" time="0.0">
    <system-out><![CDATA[DAOImpl.save()
Carlos Almeida
DAOImpl.save()
Carlos Alberto Almeida
]]></system-out>
  </testcase>
  <testcase name="testSearchProfessorByName" classname="org.fpij.jitakyoei.model.dao.ProfessorDaoTest" time="0.001">
    <system-out><![CDATA[DAOImpl.save()
João Silva
]]></system-out>
  </testcase>
  <testcase name="testRemoveEntidadeFromProfessor" classname="org.fpij.jitakyoei.model.dao.ProfessorDaoTest" time="0.0">
    <system-out><![CDATA[DAOImpl.save()
João Silva
DAOImpl.save()
João Silva
]]></system-out>
  </testcase>
  <testcase name="testUpdateProfessorName" classname="org.fpij.jitakyoei.model.dao.ProfessorDaoTest" time="0.001">
    <system-out><![CDATA[DAOImpl.save()
João Silva
DAOImpl.save()
João da Silva
]]></system-out>
  </testcase>
  <testcase name="testCreateProfessorWithMultipleEntidades" classname="org.fpij.jitakyoei.model.dao.ProfessorDaoTest" time="0.001">
    <system-out><![CDATA[DAOImpl.save()
João da Silva
]]></system-out>
  </testcase>
</testsuite>